C51 COMPILER V9.01   XPT2046                                                               12/17/2020 18:53:27 PAGE 1   


C51 COMPILER V9.01, COMPILATION OF MODULE XPT2046
OBJECT MODULE PLACED IN XPT2046.OBJ
COMPILER INVOKED BY: C:\Keil_v4\C51\BIN\C51.EXE XPT2046.c BROWSE DEBUG OBJECTEXTEND

line level    source

   1          #include"XPT2046.h"
   2          /****************************************************************************
   3          *函数名：TSPI_Start
   4          *输  入：无
   5          *输  出：无
   6          *功  能：初始化触摸SPI
   7          ****************************************************************************/
   8          
   9          void SPI_Start(void)
  10          {
  11   1              CLK = 0;
  12   1              CS  = 1;
  13   1              DIN = 1;
  14   1              CLK = 1;
  15   1              CS  = 0;                
  16   1      }
  17          /****************************************************************************
  18          *函数名：SPI_Write
  19          *输  入：dat：写入数据
  20          *输  出：无
  21          *功  能：使用SPI写入数据
  22          ****************************************************************************/
  23          
  24          void SPI_Write(uchar dat)
  25          {
  26   1              uchar i;
  27   1              CLK = 0;
  28   1              for(i=0; i<8; i++)              {
  29   2                      DIN = dat >> 7;         //放置最高位
  30   2                      dat <<= 1;
  31   2                      CLK = 0;                        //上升沿放置数据
  32   2                      CLK = 1;
  33   2      
  34   2              }
  35   1      }
  36          /****************************************************************************
  37          *函数名：SPI_Read
  38          *输  入：无
  39          *输  出：dat：读取 到的数据
  40          *功  能：使用SPI读取数据
  41          ****************************************************************************/
  42          
  43          uint SPI_Read(void)
  44          {
  45   1              uint i, dat=0;
  46   1              CLK = 0;
  47   1              for(i=0; i<12; i++)             //接收12位数据
  48   1              {
  49   2                      dat <<= 1;
  50   2                      CLK = 1;
  51   2                      CLK = 0;
  52   2                      dat |= DOUT;
  53   2              }
  54   1              return dat;     
  55   1      }
C51 COMPILER V9.01   XPT2046                                                               12/17/2020 18:53:27 PAGE 2   

  56          
  57          /****************************************************************************
  58          *函数名：Read_AD_Data
  59          *输  入：cmd：读取的X或者Y
  60          *输  出：endValue：最终信号处理后返回的值
  61          *功  能：读取触摸数据
  62          ****************************************************************************/
  63          uint Read_AD_Data(uchar cmd)
  64          {
  65   1              uchar i;
  66   1              uint AD_Value;
  67   1              CLK = 0;
  68   1              CS  = 0;
  69   1              SPI_Write(cmd);
  70   1              for(i=6; i>0; i--);     //延时等待转换结果
  71   1              CLK = 1;          //发送一个时钟周期，清除BUSY
  72   1              _nop_();
  73   1              _nop_();
  74   1              CLK = 0;
  75   1              _nop_();
  76   1              _nop_();
  77   1              AD_Value=SPI_Read();
  78   1              CS = 1;
  79   1              return AD_Value;        
  80   1      }


MODULE INFORMATION:   STATIC OVERLAYABLE
   CODE SIZE        =    100    ----
   CONSTANT SIZE    =   ----    ----
   XDATA SIZE       =   ----    ----
   PDATA SIZE       =   ----    ----
   DATA SIZE        =   ----    ----
   IDATA SIZE       =   ----    ----
   BIT SIZE         =   ----    ----
END OF MODULE INFORMATION.


C51 COMPILATION COMPLETE.  0 WARNING(S),  0 ERROR(S)
